[19:03:10] [ServerMain/INFO]: Environment: authHost='https://authserver.mojang.com', accountsHost='https://api.mojang.com', sessionHost='https://sessionserver.mojang.com', servicesHost='https://api.minecraftservices.com', name='PROD'
[19:03:12] [ServerMain/INFO]: Loaded 7 recipes
[19:03:13] [Server thread/INFO]: Starting minecraft server version 1.20.1
[19:03:13] [Server thread/INFO]: Loading properties
[19:03:13] [Server thread/INFO]: This server is running Paper version git-Paper-196 (MC: 1.20.1) (Implementing API version 1.20.1-R0.1-SNAPSHOT) (Git: 773dd72)
[19:03:14] [Server thread/INFO]: Server Ping Player Sample Count: 12
[19:03:14] [Server thread/INFO]: Using 4 threads for Netty based IO
[19:03:15] [Server thread/WARN]: [!] The timings profiler has been enabled but has been scheduled for removal from Paper in the future.
    We recommend installing the spark profiler as a replacement: https://spark.lucko.me/
    For more information please visit: https://github.com/PaperMC/Paper/issues/8948
[19:03:15] [Server thread/INFO]: [ChunkTaskScheduler] Chunk system is using 1 I/O threads, 1 worker threads, and gen parallelism of 1 threads
[19:03:15] [Server thread/INFO]: Default game type: SURVIVAL
[19:03:15] [Server thread/INFO]: Generating keypair
[19:03:15] [Server thread/INFO]: Starting Minecraft server on *:25565
[19:03:15] [Server thread/INFO]: Using epoll channel type
[19:03:16] [Server thread/INFO]: Paper: Using libdeflate (Linux x86_64) compression from Velocity.
[19:03:16] [Server thread/INFO]: Paper: Using OpenSSL 1.1.x (Linux x86_64) cipher from Velocity.
[19:03:16] [Server thread/INFO]: [s2e-sand-box] Loading server plugin s2e-sand-box v2.0.3
[19:03:16] [Server thread/INFO]: [s2e-bedrock-box] Loading server plugin s2e-bedrock-box v1.2.7
[19:03:16] [Server thread/INFO]: [s2e-farm-pro] Loading server plugin s2e-farm-pro v1.2.4-pro
[19:03:16] [Server thread/INFO]: [ServerTap] Loading server plugin ServerTap v0.5.4-SNAPSHOT
[19:03:16] [Server thread/INFO]: Server permissions file permissions.yml is empty, ignoring it
[19:03:16] [Server thread/INFO]: [ServerTap] Enabling ServerTap v0.5.4-SNAPSHOT
[19:03:16] [Server thread/INFO]: [ServerTap] No Vault plugin detected
[19:03:17] [Server thread/WARN]: [ServerTap] TLS is not enabled.
[19:03:17] [Server thread/INFO]: [ServerTap] Enabling CORS for *
[19:03:17] [Server thread/WARN]: [ServerTap] AUTH KEY IS SET TO DEFAULT "change_me"
[19:03:17] [Server thread/WARN]: [ServerTap] CHANGE THE key IN THE config.yml FILE
[19:03:17] [Server thread/WARN]: [ServerTap] FAILURE TO CHANGE THE KEY MAY RESULT IN SERVER COMPROMISE
[19:03:17] [Server thread/INFO]: [io.javalin.Javalin] Starting Javalin ...
[19:03:17] [Server thread/INFO]: [org.eclipse.jetty.server.Server] jetty-11.0.15; built: 2023-04-11T18:37:53.775Z; git: 5bc5e562c8d05c5862505aebe5cf83a61bdbcb96; jvm 17.0.14+7-Ubuntu-120.04
[19:03:17] [Server thread/INFO]: [org.eclipse.jetty.server.session.DefaultSessionIdManager] Session workerName=node0
[19:03:17] [Server thread/INFO]: [org.eclipse.jetty.server.handler.ContextHandler] Started i.j.j.@2ee21007{/,null,AVAILABLE}
[19:03:17] [Server thread/INFO]: [org.eclipse.jetty.server.AbstractConnector] Started ServerConnector@4ef5f17f{HTTP/1.1, (http/1.1)}{0.0.0.0:4567}
[19:03:17] [Server thread/INFO]: [org.eclipse.jetty.server.Server] Started Server@160c5629{STARTING}[11.0.15,sto=0] @19659ms
[19:03:17] [Server thread/INFO]: [io.javalin.Javalin] Listening on http://localhost:4567/
[19:03:17] [Server thread/INFO]: [io.javalin.Javalin] You are running Javalin 5.6.2 (released July 31, 2023. Your Javalin version is 615 days old. Consider checking for a newer version.).
[19:03:17] [Server thread/INFO]: [io.javalin.Javalin] Javalin started in 541ms \o/
[19:03:18] [Server thread/WARN]: **** SERVER IS RUNNING IN OFFLINE/INSECURE MODE!
[19:03:18] [Server thread/WARN]: The server will make no attempt to authenticate usernames. Beware.
[19:03:18] [Server thread/WARN]: While this makes the game possible to play without internet access, it also opens up the ability for hackers to connect with any username they choose.
[19:03:18] [Server thread/WARN]: To change this, set "online-mode" to "true" in the server.properties file.
[19:03:18] [Server thread/INFO]: Preparing level "world"
[19:03:18] [Server thread/INFO]: Preparing start region for dimension minecraft:overworld
[19:03:19] [Server thread/INFO]: Time elapsed: 586 ms
[19:03:19] [Server thread/INFO]: Preparing start region for dimension minecraft:the_nether
[19:03:19] [Server thread/INFO]: Time elapsed: 206 ms
[19:03:19] [Server thread/INFO]: Preparing start region for dimension minecraft:the_end
[19:03:19] [Server thread/INFO]: Time elapsed: 141 ms
[19:03:19] [Server thread/INFO]: [s2e-sand-box] Enabling s2e-sand-box v2.0.3
[19:03:19] [Server thread/INFO]: [s2e-bedrock-box] Enabling s2e-bedrock-box v1.2.7
[19:03:20] [Server thread/INFO]: [s2e-farm-pro] Enabling s2e-farm-pro v1.2.4-pro
[19:03:20] [Server thread/WARN]: java.io.FileNotFoundException: plugins/s2e-farm-pro/farmland.txt (No such file or directory)
[19:03:20] [Server thread/WARN]: 	at java.base/java.io.FileInputStream.open0(Native Method)
[19:03:20] [Server thread/WARN]: 	at java.base/java.io.FileInputStream.open(FileInputStream.java:216)
[19:03:20] [Server thread/WARN]: 	at java.base/java.io.FileInputStream.<init>(FileInputStream.java:157)
[19:03:20] [Server thread/WARN]: 	at java.base/java.io.FileReader.<init>(FileReader.java:75)
[19:03:20] [Server thread/WARN]: 	at farm-pro.jar//っ.わ(FarmData.java:35171)
[19:03:20] [Server thread/WARN]: 	at farm-pro.jar//っ.<init>(FarmData.java:7287)
[19:03:20] [Server thread/WARN]: 	at farm-pro.jar//server.omodox.s2efarm.S2e_farm.initFarm(S2e_farm.java:217)
[19:03:20] [Server thread/WARN]: 	at farm-pro.jar//server.omodox.s2efarm.S2e_farm.tryTocreateFarm(S2e_farm.java:62)
[19:03:20] [Server thread/WARN]: 	at farm-pro.jar//server.omodox.s2efarm.S2e_farm.onEnable(S2e_farm.java:51)
[19:03:20] [Server thread/WARN]: 	at org.bukkit.plugin.java.JavaPlugin.setEnabled(JavaPlugin.java:281)
[19:03:20] [Server thread/WARN]: 	at io.papermc.paper.plugin.manager.PaperPluginInstanceManager.enablePlugin(PaperPluginInstanceManager.java:189)
[19:03:20] [Server thread/WARN]: 	at io.papermc.paper.plugin.manager.PaperPluginManagerImpl.enablePlugin(PaperPluginManagerImpl.java:104)
[19:03:20] [Server thread/WARN]: 	at org.bukkit.plugin.SimplePluginManager.enablePlugin(SimplePluginManager.java:507)
[19:03:20] [Server thread/WARN]: 	at org.bukkit.craftbukkit.v1_20_R1.CraftServer.enablePlugin(CraftServer.java:642)
[19:03:20] [Server thread/WARN]: 	at org.bukkit.craftbukkit.v1_20_R1.CraftServer.enablePlugins(CraftServer.java:553)
[19:03:20] [Server thread/WARN]: 	at net.minecraft.server.MinecraftServer.loadWorld0(MinecraftServer.java:635)
[19:03:20] [Server thread/WARN]: 	at net.minecraft.server.MinecraftServer.loadLevel(MinecraftServer.java:434)
[19:03:20] [Server thread/WARN]: 	at net.minecraft.server.dedicated.DedicatedServer.e(DedicatedServer.java:308)
[19:03:20] [Server thread/WARN]: 	at net.minecraft.server.MinecraftServer.w(MinecraftServer.java:1100)
[19:03:20] [Server thread/WARN]: 	at net.minecraft.server.MinecraftServer.lambda$spin$0(MinecraftServer.java:317)
[19:03:20] [Server thread/WARN]: 	at java.base/java.lang.Thread.run(Thread.java:840)
[19:03:20] [Server thread/INFO]: [s2e-farm-pro] fs2ekp4ob66F5bZAIeLBozXW6E9UX5CA3g1XOkJ1yZR8WXGofbibSz6t99GU4lsDs1nIYa
[19:03:23] [Server thread/INFO]: Running delayed init tasks
[19:03:23] [Server thread/INFO]: Done (9.351s)! For help, type "help"
[19:03:23] [Server thread/INFO]: Timings Reset
[19:03:23] [Server thread/INFO]: Farm created!
[19:03:23] [Server thread/INFO]: Plugin v 1.2.4-pro
[19:03:23] [Server thread/INFO]: Powered by streamtoearn.io
